PurchasedGames/RoyalClubSlots/RoyalClubSlots/main/proguard-rules.pro

##记录生成的日志数据,gradle build时在本项目根目录输出##
#apk 包内所有 class 的内部结构
-dump proguard/class_files.txt
#未混淆的类和成员
-printseeds proguard/seeds.txt
#列出从 apk 中删除的代码
-printusage proguard/unused.txt
#混淆前后的映射
-printmapping proguard/mapping.txt


#保留带注释的 Javascript 接口(interface)方法
-keepclassmembers class * {
    @android.webkit.JavascriptInterface <methods>;
}

#指定外部模糊字典
-obfuscationdictionary output_dict.txt
#指定class模糊字典
-classobfuscationdictionary output_dict.txt
#指定package模糊字典
-packageobfuscationdictionary output_dict.txt

# 保留appsflyer下的所有类及其内部类
-keep class com.appsflyer.** {*;}
-dontwarn com.appsflyer.**
#fastjson
-dontwarn com.alibaba.fastjson.**
-keep class com.alibaba.fastjson.** { *; }
-keepattributes Signature
-keepattributes Annotation
-keepattributes InnerClasses
#facebook
-dontwarn com.facebook
-keep class com.facebook** { *; }

#---------------默认------------
-optimizationpasses 5
-allowaccessmodification

-dontusemixedcaseclassnames
-dontskipnonpubliclibraryclasses
-verbose

# Preserve some attributes that may be required for reflection.
-keepattributes *Annotation*,Signature,InnerClasses,EnclosingMethod

#-keep public class com.google.vending.licensing.ILicensingService
#-keep public class com.android.vending.licensing.ILicensingService
#-keep public class com.google.android.vending.licensing.ILicensingService
#-dontnote com.android.vending.licensing.ILicensingService
#-dontnote com.google.vending.licensing.ILicensingService
#-dontnote com.google.android.vending.licensing.ILicensingService

# For native methods, see http://proguard.sourceforge.net/manual/examples.html#native
-keepclasseswithmembernames,includedescriptorclasses class * {
    native <methods>;
}

# Keep setters in Views so that animations can still work.
-keepclassmembers public class * extends android.view.View {
    void set*(***);
    *** get*();
}

# We want to keep methods in Activity that could be used in the XML attribute onClick.
-keepclassmembers class * extends android.app.Activity {
    public void *(android.view.View);
}

# For enumeration classes, see http://proguard.sourceforge.net/manual/examples.html#enumerations
-keepclassmembers enum * {
    public static **[] values();
    public static ** valueOf(java.lang.String);
}

-keepclassmembers class * implements android.os.Parcelable {
    public static final ** CREATOR;
}


# The support libraries contains references to newer platform versions.
# Don't warn about those in case this app is linking against an older
# platform version. We know about them, and they are safe.
-dontnote android.support.**
-dontnote androidx.**
-dontwarn android.support.**
-dontwarn androidx.**

# This class is deprecated, but remains for backward compatibility.
-dontwarn android.util.FloatMath

# Understand the @Keep support annotation.
-keep class android.support.annotation.Keep
-keep class androidx.annotation.Keep

-keep @android.support.annotation.Keep class * {*;}
-keep @androidx.annotation.Keep class * {*;}

-keepclasseswithmembers class * {
    @android.support.annotation.Keep <methods>;
}

-keepclasseswithmembers class * {
    @androidx.annotation.Keep <methods>;
}

-keepclasseswithmembers class * {
    @android.support.annotation.Keep <fields>;
}

-keepclasseswithmembers class * {
    @androidx.annotation.Keep <fields>;
}

-keepclasseswithmembers class * {
    @android.support.annotation.Keep <init>(...);
}

-keepclasseswithmembers class * {
    @androidx.annotation.Keep <init>(...);
}

# These classes are duplicated between android.jar and org.apache.http.legacy.jar.
-dontnote org.apache.http.**
-dontnote android.net.http.**

# These classes are duplicated between android.jar and core-lambda-stubs.jar.
-dontnote java.lang.invoke.**

# Google Play Services
-keep class com.google.android.gms.** { *; }
-dontwarn com.google.android.gms.**

# Google Play Licensing
-keep public class com.android.vending.licensing.ILicensingService

# Google Maps Android API v2
-keep class com.google.android.gms.maps.** { *; }

# Google Analytics
-keep class com.google.android.gms.analytics.** { *; }
-dontwarn com.google.android.gms.analytics.**

# Google Mobile Ads
-keep class com.google.android.gms.ads.** { *; }
-dontwarn com.google.android.gms.ads.**

# Google Cloud Messaging (GCM)
-keep class com.google.android.gms.gcm.** { *; }

# Google Sign-In
-keep class com.google.android.gms.auth.api.signin.** { *; }
-keep class com.google.android.gms.common.api.** { *; }

#-----------默认结束----------