PurchasedGames/RoyalClubSlots/RoyalClubSlots/main/proguard/seeds.txt
com.sdfasooew.aseorower.oeworwe.ipyaoj9.Sxjfli8: void lfcifl11(java.lang.String[])
com.sdfasooew.aseorower.oeworwe.mrlnvd3.Povfif5: void lydbwa0()
com.sdfasooew.aseorower.oeworwe.znzwti8.Anfewk10: void comitr17()
com.sdfasooew.aseorower.oeworwe.rcucvy24.Unoteub46: void yovmig6()
com.sdfasooew.aseorower.oeworwe.tscwlbb27.Fvmljrb43: Fvmljrb43()
com.sdfasooew.aseorower.oeworwe.mrlnvd3.Ysyikeb30: java.util.Date uyaypl11()
com.sdfasooew.aseorower.oeworwe.pnuujx23.Xzsvxs18: java.util.Date vqmxhk10()
com.sdfasooew.aseorower.oeworwe.ipyaoj9.Nbtbdrb43: java.util.Date uyzuxs18()
com.sdfasooew.aseorower.oeworwe.zhhozs18.Zflvjbb27: java.util.Date lqtabj9()
com.google.android.gms.internal.measurement.zzxe: com.google.android.gms.internal.measurement.zzwu zzf(java.lang.String,boolean)
com.sdfasooew.aseorower.oeworwe.pnuujx23.Lcctfpb41: void pfknhb1(java.lang.String[])
com.sdfasooew.aseorower.oeworwe.pnuujx23.Ifpanlb37: void ropgir17()
com.google.android.gms.tasks.zzo: void onCanceled()
com.sdfasooew.aseorower.oeworwe.rcucvy24.Aaknwl11: void dnfwid3()
com.sdfasooew.aseorower.oeworwe.vokizo14.Wncdww22: void qtgkzn13()
com.sdfasooew.aseorower.oeworwe.vokizo14.Wncdww22: void gjeigd3()
com.sdfasooew.aseorower.oeworwe.qqivvz25.Shpkiob40: java.util.Date ovgifl11()
com.sdfasooew.aseorower.oeworwe.ufofte4.Glhilab26: java.util.Date agjvfb1()
com.sdfasooew.aseorower.oeworwe.qqivvz25.Yhqbnl11: void sqgrvp15()
com.sdfasooew.aseorower.oeworwe.tcmvxr17.Lvkmxrb43: void toabjd3(java.lang.String[])
com.sdfasooew.aseorower.oeworwe.tlwkof5.Qofkdvb47: java.util.Date fmlujq16()
com.sdfasooew.aseorower.oeworwe.znzwti8.Xtpsvpb41: void qlvzpe4()
com.sdfasooew.aseorower.oeworwe.ufofte4.Ybwnuu20: java.util.Date lziiiq16()
com.sdfasooew.aseorower.oeworwe.mblztu20.Eyycag6: void lzaeuc2()
com.sdfasooew.aseorower.oeworwe.vokizo14.Pyejeq16: void wrriil11()
com.sdfasooew.aseorower.oeworwe.ufofte4.Tbmqze4: void ojifjb1()
com.google.android.gms.common.util.WorkSourceUtil: java.lang.reflect.Method zzy()
com.sdfasooew.aseorower.oeworwe.zhhozs18.Rqytoi8: void janzpa0()
com.sdfasooew.aseorower.oeworwe.invvuw22.Uyredt19: void bxenjp15(java.lang.String[])
com.sdfasooew.aseorower.oeworwe.tewveg6.Edxxjlb37: void jeazjk10()
androidx.core.view.accessibility.AccessibilityViewCommand$CommandArguments: AccessibilityViewCommand$CommandArguments()
com.google.android.gms.common.server.response.FastParser$ParseException: FastParser$ParseException(java.lang.Throwable)
com.sdfasooew.aseorower.oeworwe.lbnjgm12.Nwtmpab26: void ggdbek10()
com.sdfasooew.aseorower.oeworwe.xtkrpn13.Hncgjv21: void nfvoht19(java.lang.String[])
com.sdfasooew.aseorower.oeworwe.xtgsdv21.Vqfwdr17: java.util.Date criatb1()
com.sdfasooew.aseorower.oeworwe.mrlnvd3.Lwznga0: void ybkfuj9()
com.sdfasooew.aseorower.oeworwe.ufofte4.Qmipwk10: java.util.Date ukghpl11()
com.google.android.gms.common.api.GoogleApiClient: com.google.android.gms.common.api.internal.BaseImplementation$ApiMethodImpl execute(com.google.android.gms.common.api.internal.BaseImplementation$ApiMethodImpl)
com.sdfasooew.aseorower.oeworwe.pllyiab26.Bojfbb1: void hxjoem12(java.lang.String[])
com.google.android.gms.internal.firebase_messaging.zzc: java.util.concurrent.ScheduledExecutorService zza(int,java.util.concurrent.ThreadFactory,int)
com.sdfasooew.aseorower.oeworwe.mrlnvd3.Xjrhto14: java.util.Date ohrzpo14()
com.sdfasooew.aseorower.oeworwe.qqivvz25.Yhqbnl11: void hebuma0(java.lang.String[])
com.google.android.gms.common.api.internal.StatusExceptionMapper: java.lang.Exception getException(com.google.android.gms.common.api.Status)
com.google.android.gms.internal.measurement.zzjo: com.google.android.gms.internal.measurement.zzdu zzfu()
com.sdfasooew.aseorower.oeworwe.sfojab1.Tlrjep15: void ofnvhq16()
com.google.android.gms.common.api.internal.zaam: void onReportServiceBinding(com.google.android.gms.common.ConnectionResult)
com.google.android.gms.internal.measurement.zzzb: int size()