PurchasedGames/RoyalClubSlots/RoyalClubSlots/main/proguard/unused.txt
gfav.dwwadq.xbhiigkec.BuildConfig
gfav.dwwadq.xbhiigkec.R$color
gfav.dwwadq.xbhiigkec.R$drawable
gfav.dwwadq.xbhiigkec.R$id
gfav.dwwadq.xbhiigkec.R$layout
gfav.dwwadq.xbhiigkec.R$mipmap
gfav.dwwadq.xbhiigkec.R$raw
gfav.dwwadq.xbhiigkec.R$string
gfav.dwwadq.xbhiigkec.R$style
gfav.dwwadq.xbhiigkec.R
gfav.dwwadq.xbhiigkec.StringFog:
    public void <init>()
    public static java.lang.String encrypt(java.lang.String)
    public static boolean overflow(java.lang.String)
gfav.dwwadq.xbhiigkec.StringFog:
    public static final com.github.megatronking.stringfog.xor.StringFogImpl IMPL
    public static void <clinit>()
...
com.google.android.material.snackbar.ContentViewCallback
com.google.android.material.snackbar.Snackbar$1
com.google.android.material.snackbar.Snackbar$Callback
com.google.android.material.snackbar.Snackbar$SnackbarLayout:
    public void <init>(android.content.Context)
com.google.android.material.snackbar.Snackbar
com.google.android.material.snackbar.SnackbarContentLayout:
    public void <init>(android.content.Context)
    public void animateContentIn(int,int)
    public void animateContentOut(int,int)
    void updateActionTextColorAlphaIfNeeded(float)
com.google.android.material.snackbar.SnackbarManager$Callback:
    public abstract void show()
com.google.android.material.snackbar.SnackbarManager$SnackbarRecord:
    void <init>(int,com.google.android.material.snackbar.SnackbarManager$Callback)
com.google.android.material.snackbar.SnackbarManager:
    private static final int LONG_DURATION_MS
    static final int MSG_TIMEOUT
    private static final int SHORT_DURATION_MS
    public void dismiss(com.google.android.material.snackbar.SnackbarManager$Callback,int)
    public boolean isCurrent(com.google.android.material.snackbar.SnackbarManager$Callback)
    public boolean isCurrentOrNext(com.google.android.material.snackbar.SnackbarManager$Callback)
    private boolean isNextSnackbarLocked(com.google.android.material.snackbar.SnackbarManager$Callback)
    public void onDismissed(com.google.android.material.snackbar.SnackbarManager$Callback)
    public void onShown(com.google.android.material.snackbar.SnackbarManager$Callback)
    public void show(int,com.google.android.material.snackbar.SnackbarManager$Callback)
    private void showNextSnackbarLocked()
com.google.android.material.switchmaterial.SwitchMaterial
com.google.android.material.tabs.ElasticTabIndicatorInterpolator
com.google.android.material.tabs.TabIndicatorInterpolator
com.google.android.material.tabs.TabItem
com.google.android.material.tabs.TabLayout$1
com.google.android.material.tabs.TabLayout$AdapterChangeListener
com.google.android.material.tabs.TabLayout$BaseOnTabSelectedListener
com.google.android.material.tabs.TabLayout$LabelVisibility
com.google.android.material.tabs.TabLayout$Mode
com.google.android.material.tabs.TabLayout$OnTabSelectedListener
com.google.android.material.tabs.TabLayout$PagerAdapterObserver
com.google.android.material.tabs.TabLayout$SlidingTabIndicator$1
com.google.android.material.tabs.TabLayout$SlidingTabIndicator$2
com.google.android.material.tabs.TabLayout$SlidingTabIndicator
com.google.android.material.tabs.TabLayout$Tab
com.google.android.material.tabs.TabLayout$TabGravity
com.google.android.material.tabs.TabLayout$TabIndicatorAnimationMode
com.google.android.material.tabs.TabLayout$TabIndicatorGravity
com.google.android.material.tabs.TabLayout$TabLayoutOnPageChangeListener
com.google.android.material.tabs.TabLayout$TabView$1
com.google.android.material.tabs.TabLayout$TabView
com.google.android.material.tabs.TabLayout$ViewPagerOnTabSelectedListener
com.google.android.material.tabs.TabLayout
com.google.android.material.tabs.TabLayoutMediator$PagerAdapterObserver
com.google.android.material.tabs.TabLayoutMediator$TabConfigurationStrategy
com.google.android.material.tabs.TabLayoutMediator$TabLayoutOnPageChangeCallback
com.google.android.material.tabs.TabLayoutMediator$ViewPagerOnTabSelectedListener
com.google.android.material.tabs.TabLayoutMediator
com.google.android.material.textfield.ClearTextEndIconDelegate:
    private static final int ANIMATION_FADE_DURATION
    private static final int ANIMATION_SCALE_DURATION
    private static final float ANIMATION_SCALE_FROM_VALUE
com.google.android.material.textfield.DropdownMenuEndIconDelegate:
    private static final int ANIMATION_FADE_IN_DURATION
    private static final int ANIMATION_FADE_OUT_DURATION